<?xml version="1.0" encoding="UTF-8"?>
<testsuite xmlns:xsi="http://www.w3.org/2001/XMLSchema-instance" xsi:noNamespaceSchemaLocation="https://maven.apache.org/surefire/maven-surefire-plugin/xsd/surefire-test-report-3.0.xsd" version="3.0" name="testing.testSource" time="0.062" tests="5" errors="0" skipped="0" failures="0">
  <properties>
    <property name="java.specification.version" value="21"/>
    <property name="sun.cpu.isalist" value="amd64"/>
    <property name="sun.jnu.encoding" value="Cp1252"/>
    <property name="java.class.path" value="E:\tescots\mavenproject3\target\test-classes;E:\tescots\mavenproject3\target\classes;C:\Users\ariel\.m2\repository\junit\junit\4.13.2\junit-4.13.2.jar;C:\Users\ariel\.m2\repository\org\hamcrest\hamcrest-core\1.3\hamcrest-core-1.3.jar;"/>
    <property name="java.vm.vendor" value="Oracle Corporation"/>
    <property name="sun.arch.data.model" value="64"/>
    <property name="user.variant" value=""/>
    <property name="java.vendor.url" value="https://java.oracle.com/"/>
    <property name="user.timezone" value="Asia/Jakarta"/>
    <property name="os.name" value="Windows 11"/>
    <property name="java.vm.specification.version" value="21"/>
    <property name="user.country" value="ID"/>
    <property name="sun.java.launcher" value="SUN_STANDARD"/>
    <property name="sun.boot.library.path" value="C:\Program Files\Java\jdk-21\bin"/>
    <property name="sun.java.command" value="C:\Users\ariel\AppData\Local\Temp\surefire5275016334941333781\surefirebooter-20240604224834737_3.jar C:\Users\ariel\AppData\Local\Temp\surefire5275016334941333781 2024-06-04T22-48-34_602-jvmRun1 surefire-20240604224834737_1tmp surefire_0-20240604224834737_2tmp"/>
    <property name="jdk.debug" value="release"/>
    <property name="test" value="testing.testSource"/>
    <property name="surefire.test.class.path" value="E:\tescots\mavenproject3\target\test-classes;E:\tescots\mavenproject3\target\classes;C:\Users\ariel\.m2\repository\junit\junit\4.13.2\junit-4.13.2.jar;C:\Users\ariel\.m2\repository\org\hamcrest\hamcrest-core\1.3\hamcrest-core-1.3.jar;"/>
    <property name="sun.cpu.endian" value="little"/>
    <property name="user.home" value="C:\Users\ariel"/>
    <property name="user.language" value="en"/>
    <property name="java.specification.vendor" value="Oracle Corporation"/>
    <property name="java.version.date" value="2024-01-16"/>
    <property name="java.home" value="C:\Program Files\Java\jdk-21"/>
    <property name="file.separator" value="\"/>
    <property name="basedir" value="E:\tescots\mavenproject3"/>
    <property name="java.vm.compressedOopsMode" value="32-bit"/>
    <property name="line.separator" value="&#10;"/>
    <property name="java.vm.specification.vendor" value="Oracle Corporation"/>
    <property name="java.specification.name" value="Java Platform API Specification"/>
    <property name="surefire.real.class.path" value="C:\Users\ariel\AppData\Local\Temp\surefire5275016334941333781\surefirebooter-20240604224834737_3.jar"/>
    <property name="user.script" value=""/>
    <property name="sun.management.compiler" value="HotSpot 64-Bit Tiered Compilers"/>
    <property name="java.runtime.version" value="21.0.2+13-LTS-58"/>
    <property name="user.name" value="ariel"/>
    <property name="stdout.encoding" value="Cp1252"/>
    <property name="path.separator" value=";"/>
    <property name="os.version" value="10.0"/>
    <property name="java.runtime.name" value="Java(TM) SE Runtime Environment"/>
    <property name="file.encoding" value="UTF-8"/>
    <property name="java.vm.name" value="Java HotSpot(TM) 64-Bit Server VM"/>
    <property name="maven.ext.class.path" value="C:\Program Files\NetBeans-21\netbeans\java\maven-nblib\netbeans-eventspy.jar"/>
    <property name="localRepository" value="C:\Users\ariel\.m2\repository"/>
    <property name="java.vendor.url.bug" value="https://bugreport.java.com/bugreport/"/>
    <property name="java.io.tmpdir" value="C:\Users\ariel\AppData\Local\Temp\"/>
    <property name="java.version" value="21.0.2"/>
    <property name="user.dir" value="E:\tescots\mavenproject3"/>
    <property name="os.arch" value="amd64"/>
    <property name="java.vm.specification.name" value="Java Virtual Machine Specification"/>
    <property name="sun.os.patch.level" value=""/>
    <property name="native.encoding" value="Cp1252"/>
    <property name="java.library.path" value="C:\Program Files\Java\jdk-21\bin;C:\WINDOWS\Sun\Java\bin;C:\WINDOWS\system32;C:\WINDOWS;C:\Program Files\Common Files\Oracle\Java\javapath;C:\Program Files (x86)\Common Files\Oracle\Java\java8path;C:\Program Files (x86)\Common Files\Oracle\Java\javapath;D:\app\ariel\product\11.2.0\dbhome_1\bin;D:\app\ariel\product\11.2.0\dbhome_2\bin;C:\ProgramData\Oracle\Java\javapath;C:\Windows\system32;C:\Windows;C:\Windows\System32\Wbem;C:\Windows\System32\WindowsPowerShell\v1.0\;C:\Windows\System32\OpenSSH\;C:\Program Files (x86)\NVIDIA Corporation\PhysX\Common;C:\Program Files\Go\bin;C:\Program Files\dotnet\;C:\Program Files\Git\cmd;C:\WINDOWS\system32;C:\WINDOWS;C:\WINDOWS\System32\Wbem;C:\WINDOWS\System32\WindowsPowerShell\v1.0\;C:\WINDOWS\System32\OpenSSH\;C:\Program Files\Microsoft SQL Server\130\Tools\Binn\;C:\Program Files\Microsoft SQL Server\Client SDK\ODBC\170\Tools\Binn\;C:\Program Files\Microsoft SQL Server\150\Tools\Binn\;C:\Users\ariel\AppData\Local\Microsoft\WindowsApps;C:\Users\ariel\AppData\Local\Programs\Microsoft VS Code\bin;C:\Users\ariel\go\bin;C:\Users\ariel\.dotnet\tools;C:\Users\ariel\AppData\Local\GitHubDesktop\bin;C:\adb;C:\Program Files\Java\jdk-17.0.2\bin;D:\persisopanduniawi\sonar-scanner-5.0.1.3006-windows\bin;C:\ProgramData\chocolatey\bin;C:\Program Files\NVIDIA Corporation\NVIDIA NvDLISR;C:\Users\ariel\AppData\Roaming\nvm;C:\Program Files\nodejs;C:\Users\ariel\AppData\Local\Microsoft\WindowsApps;C:\Users\ariel\AppData\Local\Programs\Microsoft VS Code\bin;C:\Users\ariel\go\bin;C:\Users\ariel\.dotnet\tools;C:\Users\ariel\AppData\Local\GitHubDesktop\bin;C:\xampp\php;C:\Users\ariel\composer;C:\Users\ariel\AppData\Roaming\Composer\vendor\bin;C:\Users\ariel\AppData\Roaming\npm;C:\Users\ariel\AppData\Roaming\nvm;C:\Program Files\nodejs;."/>
    <property name="java.vm.info" value="mixed mode, sharing"/>
    <property name="stderr.encoding" value="Cp1252"/>
    <property name="java.vendor" value="Oracle Corporation"/>
    <property name="java.vm.version" value="21.0.2+13-LTS-58"/>
    <property name="sun.io.unicode.encoding" value="UnicodeLittle"/>
    <property name="java.class.version" value="65.0"/>
  </properties>
  <testcase name="testDivide_ByZero" classname="testing.testSource" time="0.005"/>
  <testcase name="testAdd" classname="testing.testSource" time="0.0"/>
  <testcase name="testSubtract" classname="testing.testSource" time="0.0"/>
  <testcase name="testDivide_Valid" classname="testing.testSource" time="0.0"/>
  <testcase name="testMultiply" classname="testing.testSource" time="0.0"/>
</testsuite>